e: file:///home/runner/work/SFGolfGPS/SFGolfGPS/app/src/main/java/mx/clubsanfrancisco/golfgps/Screens.kt:421:1 This annotation is not repeatable
e: file:///home/runner/work/SFGolfGPS/SFGolfGPS/app/src/main/java/mx/clubsanfrancisco/golfgps/Screens.kt:456:13 Functions which invoke @Composable functions must be marked with the @Composable annotation
e: file:///home/runner/work/SFGolfGPS/SFGolfGPS/app/src/main/java/mx/clubsanfrancisco/golfgps/Screens.kt:457:5 @Composable invocations can only happen from the context of a @Composable function
FAILURE: Build failed with an exception.
* What went wrong:
> Task :app:checkDebugDuplicateClasses
> Task :app:mergeDebugNativeLibs NO-SOURCE
> Task :app:processDebugManifestForPackage
> Task :app:mergeExtDexDebug
> Task :app:mergeLibDexDebug
> Task :app:stripDebugDebugSymbols NO-SOURCE
> Task :app:processDebugResources
> Task :app:validateSigningDebug
> Task :app:writeDebugAppMetadata
> Task :app:writeDebugSigningConfigVersions
> Task :wear:preBuild UP-TO-DATE
> Task :wear:preDebugBuild UP-TO-DATE
> Task :wear:mergeDebugNativeDebugMetadata NO-SOURCE
> Task :wear:checkKotlinGradlePluginConfigurationErrors
> Task :wear:generateDebugResValues
> Task :wear:checkDebugAarMetadata
> Task :wear:mapDebugSourceSetPaths
> Task :wear:generateDebugResources
> Task :wear:packageDebugResources
> Task :wear:parseDebugLocalResources
> Task :wear:createDebugCompatibleScreenManifests
> Task :wear:extractDeepLinksDebug
> Task :wear:mergeDebugResources
> Task :wear:processDebugMainManifest
> Task :wear:processDebugManifest
> Task :wear:javaPreCompileDebug
> Task :wear:mergeDebugShaders
> Task :wear:compileDebugShaders NO-SOURCE
> Task :wear:processDebugManifestForPackage
> Task :wear:generateDebugAssets UP-TO-DATE
> Task :wear:mergeDebugAssets
> Task :wear:compressDebugAssets
> Task :wear:desugarDebugFileDependencies
> Task :wear:mergeDebugJniLibFolders
> Task :wear:checkDebugDuplicateClasses
> Task :wear:mergeDebugNativeLibs NO-SOURCE
> Task :wear:processDebugResources
> Task :app:compileDebugKotlin
e: file:///home/runner/work/SFGolfGPS/SFGolfGPS/app/src/main/java/mx/clubsanfrancisco/golfgps/Screens.kt:421:1 This annotation is not repeatable
e: file:///home/runner/work/SFGolfGPS/SFGolfGPS/app/src/main/java/mx/clubsanfrancisco/golfgps/Screens.kt:456:13 Functions which invoke @Composable functions must be marked with the @Composable annotation
e: file:///home/runner/work/SFGolfGPS/SFGolfGPS/app/src/main/java/mx/clubsanfrancisco/golfgps/Screens.kt:457:5 @Composable invocations can only happen from the context of a @Composable function

> Task :app:compileDebugKotlin FAILED
> Task :wear:mergeExtDexDebug

FAILURE: Build failed with an exception.

* What went wrong:
Execution failed for task ':app:compileDebugKotlin'.
> A failure occurred while executing org.jetbrains.kotlin.compilerRunner.GradleCompilerRunnerWithWorkers$GradleKotlinCompilerWorkAction
   > Compilation error. See log for more details

* Try:
> Run with --stacktrace option to get the stack trace.
> Run with --info or --debug option to get more log output.
> Run with --scan to get full insights.
> Get more help at https://help.gradle.org.

BUILD FAILED in 2m 35s
47 actionable tasks: 47 executed
